This is pdfTeX, Version 3.141592653-2.6-1.40.25 (TeX Live 2023/Arch Linux) (preloaded format=pdflatex 2024.1.24)  24 JAN 2024 19:47
entering extended mode
 restricted \write18 enabled.
 %&-line parsing enabled.
**main
(./main
LaTeX2e <2022-11-01> patch level 1
L3 programming layer <2023-02-22>
! Text line contains an invalid character.
l.1 ^^?
       ELF^^B^^A^^A^^@^^@^^@^^@^^@^^@^^@^^@^^@^^C^^@>^^@^^A^^@^^@^^@ 9^^@^^@...

? 
! Interruption.
<to be read again> 
                   E
l.1 ^^?E
        LF^^B^^A^^A^^@^^@^^@^^@^^@^^@^^@^^@^^@^^C^^@>^^@^^A^^@^^@^^@ 9^^@^^@...

? 

! LaTeX Error: Missing \begin{document}.

See the LaTeX manual or LaTeX Companion for explanation.
Type  H <return>  for immediate help.
 ...                                              
                                                  
l.1 ^^?E
        LF^^B^^A^^A^^@^^@^^@^^@^^@^^@^^@^^@^^@^^C^^@>^^@^^A^^@^^@^^@ 9^^@^^@...

? 
Missing character: There is no E in font nullfont!
Missing character: There is no L in font nullfont!
Missing character: There is no F in font nullfont!

! LaTeX Error: Unicode character ^^B (U+0002)
               not set up for use with LaTeX.

See the LaTeX manual or LaTeX Companion for explanation.
Type  H <return>  for immediate help.
 ...                                              
                                                  
l.1 ^^?ELF^^B
             ^^A^^A^^@^^@^^@^^@^^@^^@^^@^^@^^@^^C^^@>^^@^^A^^@^^@^^@ 9^^@^^@...

? 

! LaTeX Error: Unicode character ^^A (U+0001)
               not set up for use with LaTeX.

See the LaTeX manual or LaTeX Companion for explanation.
Type  H <return>  for immediate help.
 ...                                              
                                                  
l.1 ^^?ELF^^B^^A
                ^^A^^@^^@^^@^^@^^@^^@^^@^^@^^@^^C^^@>^^@^^A^^@^^@^^@ 9^^@^^@...

? 

! LaTeX Error: Unicode character ^^A (U+0001)
               not set up for use with LaTeX.

See the LaTeX manual or LaTeX Companion for explanation.
Type  H <return>  for immediate help.
 ...                                              
                                                  
l.1 ^^?ELF^^B^^A^^A
                   ^^@^^@^^@^^@^^@^^@^^@^^@^^@^^C^^@>^^@^^A^^@^^@^^@ 9^^@^^@...

? 
! Text line contains an invalid character.
l.1 ^^?ELF^^B^^A^^A^^@
                      ^^@^^@^^@^^@^^@^^@^^@^^@^^C^^@>^^@^^A^^@^^@^^@ 9^^@^^@...

? 
! Text line contains an invalid character.
l.1 ^^?ELF^^B^^A^^A^^@^^@
                         ^^@^^@^^@^^@^^@^^@^^@^^C^^@>^^@^^A^^@^^@^^@ 9^^@^^@...

? 
! Text line contains an invalid character.
l.1 ^^?ELF^^B^^A^^A^^@^^@^^@
                            ^^@^^@^^@^^@^^@^^@^^C^^@>^^@^^A^^@^^@^^@ 9^^@^^@...

? 
! Text line contains an invalid character.
l.1 ^^?ELF^^B^^A^^A^^@^^@^^@^^@
                               ^^@^^@^^@^^@^^@^^C^^@>^^@^^A^^@^^@^^@ 9^^@^^@...

? 
! Text line contains an invalid character.
l.1 ^^?ELF^^B^^A^^A^^@^^@^^@^^@^^@
                                  ^^@^^@^^@^^@^^C^^@>^^@^^A^^@^^@^^@ 9^^@^^@...

? 
! Text line contains an invalid character.
l.1 ^^?ELF^^B^^A^^A^^@^^@^^@^^@^^@^^@
                                     ^^@^^@^^@^^C^^@>^^@^^A^^@^^@^^@ 9^^@^^@...

? 
! Text line contains an invalid character.
l.1 ^^?ELF^^B^^A^^A^^@^^@^^@^^@^^@^^@^^@
                                        ^^@^^@^^C^^@>^^@^^A^^@^^@^^@ 9^^@^^@...

? 
! Text line contains an invalid character.
l.1 ^^?ELF^^B^^A^^A^^@^^@^^@^^@^^@^^@^^@^^@
                                           ^^@^^C^^@>^^@^^A^^@^^@^^@ 9^^@^^@...

? 
! Text line contains an invalid character.
l.1 ^^?ELF^^B^^A^^A^^@^^@^^@^^@^^@^^@^^@^^@^^@
                                              ^^C^^@>^^@^^A^^@^^@^^@ 9^^@^^@...

? 

! LaTeX Error: Unicode character ^^C (U+0003)
               not set up for use with LaTeX.

See the LaTeX manual or LaTeX Companion for explanation.
Type  H <return>  for immediate help.
 ...                                              
                                                  
l.1 ^^?ELF^^B^^A^^A^^@^^@^^@^^@^^@^^@^^@^^@^^@^^C
                                                 ^^@>^^@^^A^^@^^@^^@ 9^^@^^@...

? 
! Text line contains an invalid character.
l.1 ...F^^B^^A^^A^^@^^@^^@^^@^^@^^@^^@^^@^^@^^C^^@
                                                  >^^@^^A^^@^^@^^@ 9^^@^^@^^...

? 
Missing character: There is no > in font nullfont!
! Text line contains an invalid character.
l.1 ...^^A^^A^^@^^@^^@^^@^^@^^@^^@^^@^^@^^C^^@>^^@
                                                  ^^A^^@^^@^^@ 9^^@^^@^^@^^@...

? 

! LaTeX Error: Unicode character ^^A (U+0001)
               not set up for use with LaTeX.

See the LaTeX manual or LaTeX Companion for explanation.
Type  H <return>  for immediate help.
 ...                                              
                                                  
l.1 ...^^A^^@^^@^^@^^@^^@^^@^^@^^@^^@^^C^^@>^^@^^A
                                                  ^^@^^@^^@ 9^^@^^@^^@^^@^^@...

? 
! Text line contains an invalid character.
l.1 ...^^@^^@^^@^^@^^@^^@^^@^^@^^@^^C^^@>^^@^^A^^@
                                                  ^^@^^@ 9^^@^^@^^@^^@^^@^^@...

? 
! Text line contains an invalid character.
l.1 ...^^@^^@^^@^^@^^@^^@^^@^^@^^C^^@>^^@^^A^^@^^@
                                                  ^^@ 9^^@^^@^^@^^@^^@^^@@^^...

? 
! Text line contains an invalid character.
l.1 ...^^@^^@^^@^^@^^@^^@^^@^^C^^@>^^@^^A^^@^^@^^@
                                                   9^^@^^@^^@^^@^^@^^@@^^@^^...

? 

! LaTeX Error: Invalid UTF-8 byte "A0.

See the LaTeX manual or LaTeX Companion for explanation.
Type  H <return>  for immediate help.
 ...                                              
                                                  
l.1 ...^@^^@^^@^^@^^@^^@^^@^^C^^@>^^@^^A^^@^^@^^@ 
                                                  9^^@^^@^^@^^@^^@^^@@^^@^^@...

? 
Missing character: There is no 9 in font nullfont!
! Text line contains an invalid character.
l.1 ...@^^@^^@^^@^^@^^@^^C^^@>^^@^^A^^@^^@^^@ 9^^@
                                                  ^^@^^@^^@^^@^^@@^^@^^@^^@^...

? 
! Text line contains an invalid character.
l.1 ...@^^@^^@^^@^^@^^C^^@>^^@^^A^^@^^@^^@ 9^^@^^@
                                                  ^^@^^@^^@^^@@^^@^^@^^@^^@^...

? 
! Text line contains an invalid character.
l.1 ...@^^@^^@^^@^^C^^@>^^@^^A^^@^^@^^@ 9^^@^^@^^@
                                                  ^^@^^@^^@@^^@^^@^^@^^@^^@^...

? 
! Text line contains an invalid character.
l.1 ...@^^@^^@^^C^^@>^^@^^A^^@^^@^^@ 9^^@^^@^^@^^@
                                                  ^^@^^@@^^@^^@^^@^^@^^@^^@^...

? 
! Text line contains an invalid character.
l.1 ...@^^@^^C^^@>^^@^^A^^@^^@^^@ 9^^@^^@^^@^^@^^@
                                                  ^^@@^^@^^@^^@^^@^^@^^@^^@א...

? 
! Text line contains an invalid character.
l.1 ...@^^C^^@>^^@^^A^^@^^@^^@ 9^^@^^@^^@^^@^^@^^@
                                                  @^^@^^@^^@^^@^^@^^@^^@אס^^...

? 
Missing character: There is no @ in font nullfont!
! Text line contains an invalid character.
l.1 ...^^@>^^@^^A^^@^^@^^@ 9^^@^^@^^@^^@^^@^^@@^^@
                                                  ^^@^^@^^@^^@^^@^^@אס^^C^^@...

? 
! Text line contains an invalid character.
l.1 ...>^^@^^A^^@^^@^^@ 9^^@^^@^^@^^@^^@^^@@^^@^^@
                                                  ^^@^^@^^@^^@^^@אס^^C^^@^^@...

? 
! Text line contains an invalid character.
l.1 ...@^^A^^@^^@^^@ 9^^@^^@^^@^^@^^@^^@@^^@^^@^^@
                                                  ^^@^^@^^@^^@אס^^C^^@^^@^^@...

? 
! Text line contains an invalid character.
l.1 ...A^^@^^@^^@ 9^^@^^@^^@^^@^^@^^@@^^@^^@^^@^^@
                                                  ^^@^^@^^@אס^^C^^@^^@^^@^^@...

? 
! Text line contains an invalid character.
l.1 ...@^^@^^@ 9^^@^^@^^@^^@^^@^^@@^^@^^@^^@^^@^^@
                                                  ^^@^^@אס^^C^^@^^@^^@^^@^^@...

? 
! Text line contains an invalid character.
l.1 ...@^^@ 9^^@^^@^^@^^@^^@^^@@^^@^^@^^@^^@^^@^^@
                                                  ^^@אס^^C^^@^^@^^@^^@^^@^^@...

? 
! Text line contains an invalid character.
l.1 ...@ 9^^@^^@^^@^^@^^@^^@@^^@^^@^^@^^@^^@^^@^^@
                                                  אס^^C^^@^^@^^@^^@^^@^^@^^@...

? 

! LaTeX Error: Invalid UTF-8 byte sequence (אס^^C).

See the LaTeX manual or LaTeX Companion for explanation.
Type  H <return>  for immediate help.
 ...                                              
                                                  
l.1 ...@^^@^^@^^@^^@^^@@^^@^^@^^@^^@^^@^^@^^@אס^^C
                                                  ^^@^^@^^@^^@^^@^^@^^@^^@^^...

? 
! Text line contains an invalid character.
l.1 ...@^^@^^@^^@^^@@^^@^^@^^@^^@^^@^^@^^@אס^^C^^@
                                                  ^^@^^@^^@^^@^^@^^@^^@^^@@^...

? 
! Text line contains an invalid character.
l.1 ...@^^@^^@^^@@^^@^^@^^@^^@^^@^^@^^@אס^^C^^@^^@
                                                  ^^@^^@^^@^^@^^@^^@^^@@^^@8^^@

? 
! Text line contains an invalid character.
l.1 ...@^^@^^@@^^@^^@^^@^^@^^@^^@^^@אס^^C^^@^^@^^@
                                                  ^^@^^@^^@^^@^^@^^@@^^@8^^@
? 
! Text line contains an invalid character.
l.1 ...@^^@@^^@^^@^^@^^@^^@^^@^^@אס^^C^^@^^@^^@^^@
                                                  ^^@^^@^^@^^@^^@@^^@8^^@
? 
! Text line contains an invalid character.
l.1 ...@@^^@^^@^^@^^@^^@^^@^^@אס^^C^^@^^@^^@^^@^^@
                                                  ^^@^^@^^@^^@@^^@8^^@
? 
! Text line contains an invalid character.
l.1 ...^@^^@^^@^^@^^@^^@^^@אס^^C^^@^^@^^@^^@^^@^^@
                                                  ^^@^^@^^@@^^@8^^@
? 
! Text line contains an invalid character.
l.1 ...^@^^@^^@^^@^^@^^@אס^^C^^@^^@^^@^^@^^@^^@^^@
                                                  ^^@^^@@^^@8^^@
? 
! Text line contains an invalid character.
l.1 ...^@^^@^^@^^@^^@אס^^C^^@^^@^^@^^@^^@^^@^^@^^@
                                                  ^^@@^^@8^^@
? 
! Text line contains an invalid character.
l.1 ...^@^^@^^@^^@אס^^C^^@^^@^^@^^@^^@^^@^^@^^@^^@
                                                  @^^@8^^@
? 
Missing character: There is no @ in font nullfont!
! Text line contains an invalid character.
l.1 ...@^^@^^@אס^^C^^@^^@^^@^^@^^@^^@^^@^^@^^@@^^@
                                                  8^^@
? 
Missing character: There is no 8 in font nullfont!
! Text line contains an invalid character.
l.1 ...^^@אס^^C^^@^^@^^@^^@^^@^^@^^@^^@^^@@^^@8^^@
                                                  
? 
! Text line contains an invalid character.
l.2 ^^@
       @^^@'^^@&^^@^^F^^@^^@^^@^^D^^@^^@^^@@^^@^^@^^@^^@^^@^^@^^@@^^@^^@^^@^...

? 
Missing character: There is no @ in font nullfont!
! Text line contains an invalid character.
l.2 ^^@@^^@
           '^^@&^^@^^F^^@^^@^^@^^D^^@^^@^^@@^^@^^@^^@^^@^^@^^@^^@@^^@^^@^^@^...

? 
Missing character: There is no ' in font nullfont!
! Text line contains an invalid character.
l.2 ^^@@^^@'^^@
               &^^@^^F^^@^^@^^@^^D^^@^^@^^@@^^@^^@^^@^^@^^@^^@^^@@^^@^^@^^@^...

? 
! Misplaced alignment tab character &.
l.2 ^^@@^^@'^^@&
                ^^@^^F^^@^^@^^@^^D^^@^^@^^@@^^@^^@^^@^^@^^@^^@^^@@^^@^^@^^@^...

? 
! Text line contains an invalid character.
l.2 ^^@@^^@'^^@&^^@
                   ^^F^^@^^@^^@^^D^^@^^@^^@@^^@^^@^^@^^@^^@^^@^^@@^^@^^@^^@^...

? 

! LaTeX Error: Unicode character ^^F (U+0006)
               not set up for use with LaTeX.

See the LaTeX manual or LaTeX Companion for explanation.
Type  H <return>  for immediate help.
 ...                                              
                                                  
l.2 ^^@@^^@'^^@&^^@^^F
                      ^^@^^@^^@^^D^^@^^@^^@@^^@^^@^^@^^@^^@^^@^^@@^^@^^@^^@^...

? 
! Text line contains an invalid character.
l.2 ^^@@^^@'^^@&^^@^^F^^@
                         ^^@^^@^^D^^@^^@^^@@^^@^^@^^@^^@^^@^^@^^@@^^@^^@^^@^...

? 
! Text line contains an invalid character.
l.2 ^^@@^^@'^^@&^^@^^F^^@^^@
                            ^^@^^D^^@^^@^^@@^^@^^@^^@^^@^^@^^@^^@@^^@^^@^^@^...

? 
! Text line contains an invalid character.
l.2 ^^@@^^@'^^@&^^@^^F^^@^^@^^@
                               ^^D^^@^^@^^@@^^@^^@^^@^^@^^@^^@^^@@^^@^^@^^@^...

? 

! LaTeX Error: Unicode character ^^D (U+0004)
               not set up for use with LaTeX.

See the LaTeX manual or LaTeX Companion for explanation.
Type  H <return>  for immediate help.
 ...                                              
                                                  
l.2 ^^@@^^@'^^@&^^@^^F^^@^^@^^@^^D
                                  ^^@^^@^^@@^^@^^@^^@^^@^^@^^@^^@@^^@^^@^^@^...

? 
! Text line contains an invalid character.
l.2 ^^@@^^@'^^@&^^@^^F^^@^^@^^@^^D^^@
                                     ^^@^^@@^^@^^@^^@^^@^^@^^@^^@@^^@^^@^^@^...

? 
! Text line contains an invalid character.
l.2 ^^@@^^@'^^@&^^@^^F^^@^^@^^@^^D^^@^^@
                                        ^^@@^^@^^@^^@^^@^^@^^@^^@@^^@^^@^^@^...

? 
! Text line contains an invalid character.
l.2 ^^@@^^@'^^@&^^@^^F^^@^^@^^@^^D^^@^^@^^@
                                           @^^@^^@^^@^^@^^@^^@^^@@^^@^^@^^@^...

? 
Missing character: There is no @ in font nullfont!
! Text line contains an invalid character.
l.2 ^^@@^^@'^^@&^^@^^F^^@^^@^^@^^D^^@^^@^^@@^^@
                                               ^^@^^@^^@^^@^^@^^@@^^@^^@^^@^...

? 
! Text line contains an invalid character.
l.2 ^^@@^^@'^^@&^^@^^F^^@^^@^^@^^D^^@^^@^^@@^^@^^@
                                                  ^^@^^@^^@^^@^^@@^^@^^@^^@^...

? 
! Text line contains an invalid character.
l.2 ...@'^^@&^^@^^F^^@^^@^^@^^D^^@^^@^^@@^^@^^@^^@
                                                  ^^@^^@^^@^^@@^^@^^@^^@^^@^...

? 
! Text line contains an invalid character.
l.2 ...^@&^^@^^F^^@^^@^^@^^D^^@^^@^^@@^^@^^@^^@^^@
                                                  ^^@^^@^^@@^^@^^@^^@^^@^^@^...

? 
! Text line contains an invalid character.
l.2 ...^^@^^F^^@^^@^^@^^D^^@^^@^^@@^^@^^@^^@^^@^^@
                                                  ^^@^^@@^^@^^@^^@^^@^^@^^@^...

? 
! Text line contains an invalid character.
l.2 ...^^F^^@^^@^^@^^D^^@^^@^^@@^^@^^@^^@^^@^^@^^@
                                                  ^^@@^^@^^@^^@^^@^^@^^@^^@@...

? 
! Text line contains an invalid character.
l.2 ...^^@^^@^^@^^D^^@^^@^^@@^^@^^@^^@^^@^^@^^@^^@
                                                  @^^@^^@^^@^^@^^@^^@^^@@^^@...

? 
Missing character: There is no @ in font nullfont!
! Text line contains an invalid character.
l.2 ...^@^^@^^D^^@^^@^^@@^^@^^@^^@^^@^^@^^@^^@@^^@
                                                  ^^@^^@^^@^^@^^@^^@@^^@^^@^...

? 
! Text line contains an invalid character.
l.2 ...^@^^D^^@^^@^^@@^^@^^@^^@^^@^^@^^@^^@@^^@^^@
                                                  ^^@^^@^^@^^@^^@@^^@^^@^^@^...

? 
! Text line contains an invalid character.
l.2 ...^D^^@^^@^^@@^^@^^@^^@^^@^^@^^@^^@@^^@^^@^^@
                                                  ^^@^^@^^@^^@@^^@^^@^^@^^@^...

? 
! Text line contains an invalid character.
l.2 ...^@^^@^^@@^^@^^@^^@^^@^^@^^@^^@@^^@^^@^^@^^@
                                                  ^^@^^@^^@@^^@^^@^^@^^@^^@^...

? 
! Text line contains an invalid character.
l.2 ...^@^^@@^^@^^@^^@^^@^^@^^@^^@@^^@^^@^^@^^@^^@
                                                  ^^@^^@@^^@^^@^^@^^@^^@^^@^...

? 
! Text line contains an invalid character.
l.2 ...^@@^^@^^@^^@^^@^^@^^@^^@@^^@^^@^^@^^@^^@^^@
                                                  ^^@@^^@^^@^^@^^@^^@^^@^^@״...

? 
! Text line contains an invalid character.
l.2 ...^^@^^@^^@^^@^^@^^@^^@@^^@^^@^^@^^@^^@^^@^^@
                                                  @^^@^^@^^@^^@^^@^^@^^@״^^B...

? 
Missing character: There is no @ in font nullfont!
! Text line contains an invalid character.
l.2 ...^@^^@^^@^^@^^@^^@@^^@^^@^^@^^@^^@^^@^^@@^^@
                                                  ^^@^^@^^@^^@^^@^^@״^^B^^@^...

? 
! Text line contains an invalid character.
l.2 ...^@^^@^^@^^@^^@@^^@^^@^^@^^@^^@^^@^^@@^^@^^@
                                                  ^^@^^@^^@^^@^^@״^^B^^@^^@^...

? 
! Text line contains an invalid character.
l.2 ...^@^^@^^@^^@@^^@^^@^^@^^@^^@^^@^^@@^^@^^@^^@
                                                  ^^@^^@^^@^^@״^^B^^@^^@^^@^...

? 
! Text line contains an invalid character.